This is pdfTeX, Version 3.1415926-1.40.10 (TeX Live 2009/Debian) (format=pdflatex 2013.12.6)  5 OCT 2015 12:54
entering extended mode
 %&-line parsing enabled.
**LoadAnalyze.tex
(./LoadAnalyze.tex
LaTeX2e <2009/09/24>
Babel <v3.8l> and hyphenation patterns for english, usenglishmax, dumylang, noh
yphenation, farsi, arabic, croatian, bulgarian, ukrainian, russian, czech, slov
ak, danish, dutch, finnish, french, basque, ngerman, german, german-x-2009-06-1
9, ngerman-x-2009-06-19, ibycus, monogreek, greek, ancientgreek, hungarian, san
skrit, italian, latin, latvian, lithuanian, mongolian2a, mongolian, bokmal, nyn
orsk, romanian, irish, coptic, serbian, turkish, welsh, esperanto, uppersorbian
, estonian, indonesian, interlingua, icelandic, kurmanji, slovenian, polish, po
rtuguese, spanish, galician, catalan, swedish, ukenglish, pinyin, loaded.
(/usr/share/texmf-texlive/tex/latex/base/article.cls
Document Class: article 2007/10/19 v1.4h Standard LaTeX document class
(/usr/share/texmf-texlive/tex/latex/base/size10.clo
File: size10.clo 2007/10/19 v1.4h Standard LaTeX file (size option)
)
\c@part=\count79
\c@section=\count80
\c@subsection=\count81
\c@subsubsection=\count82
\c@paragraph=\count83
\c@subparagraph=\count84
\c@figure=\count85
\c@table=\count86
\abovecaptionskip=\skip41
\belowcaptionskip=\skip42
\bibindent=\dimen102
)
(/usr/share/texmf-texlive/tex/latex/graphics/graphicx.sty
Package: graphicx 1999/02/16 v1.0f Enhanced LaTeX Graphics (DPC,SPQR)

(/usr/share/texmf-texlive/tex/latex/graphics/keyval.sty
Package: keyval 1999/03/16 v1.13 key=value parser (DPC)
\KV@toks@=\toks14
)
(/usr/share/texmf-texlive/tex/latex/graphics/graphics.sty
Package: graphics 2009/02/05 v1.0o Standard LaTeX Graphics (DPC,SPQR)

(/usr/share/texmf-texlive/tex/latex/graphics/trig.sty
Package: trig 1999/03/16 v1.09 sin cos tan (DPC)
)
(/etc/texmf/tex/latex/config/graphics.cfg
File: graphics.cfg 2009/08/28 v1.8 graphics configuration of TeX Live
)
Package graphics Info: Driver file: pdftex.def on input line 91.

(/usr/share/texmf-texlive/tex/latex/pdftex-def/pdftex.def
File: pdftex.def 2010/03/12 v0.04p Graphics/color for pdfTeX
\Gread@gobject=\count87
))
\Gin@req@height=\dimen103
\Gin@req@width=\dimen104
)
(/usr/share/texmf-texlive/tex/latex/graphics/color.sty
Package: color 2005/11/14 v1.0j Standard LaTeX Color (DPC)

(/etc/texmf/tex/latex/config/color.cfg
File: color.cfg 2007/01/18 v1.5 color configuration of teTeX/TeXLive
)
Package color Info: Driver file: pdftex.def on input line 130.
)
(/usr/share/texmf-texlive/tex/latex/ltxmisc/framed.sty
Package: framed 2007/10/04 v 0.95: framed or shaded text with page breaks
\fb@frw=\dimen105
\fb@frh=\dimen106
\FrameRule=\dimen107
\FrameSep=\dimen108
)
(/usr/share/texmf-texlive/tex/latex/base/alltt.sty
Package: alltt 1997/06/16 v2.0g defines alltt environment
)
(/var/lib/texmf/tex/generic/babel/babel.sty
Package: babel 2008/07/06 v3.8l The Babel package

(/usr/share/texmf-texlive/tex/generic/babel/frenchb.ldf
Language: frenchb 2009/03/16 v2.3d French support from the babel system

(/usr/share/texmf-texlive/tex/generic/babel/babel.def
File: babel.def 2008/07/06 v3.8l Babel common definitions
\babel@savecnt=\count88
\U@D=\dimen109
)
Package babel Info: Making : an active character on input line 120.
Package babel Info: Making ; an active character on input line 121.
Package babel Info: Making ! an active character on input line 122.
Package babel Info: Making ? an active character on input line 123.
\FB@Mht=\dimen110
\std@mcc=\count89
\dec@mcc=\count90
\parindentFFN=\dimen111

*************************************
* Local config file frenchb.cfg used
*
(/usr/share/texmf-texlive/tex/generic/babel/frenchb.cfg))
(/usr/share/texmf-texlive/tex/generic/babel/english.ldf
Language: english 2005/03/30 v3.3o English support from the babel system
\l@canadian = a dialect from \language\l@american 
\l@australian = a dialect from \language\l@british 
\l@newzealand = a dialect from \language\l@british 
))
(/usr/share/texmf-texlive/tex/latex/carlisle/scalefnt.sty)
(/usr/share/texmf-texlive/tex/latex/ltxmisc/a4wide.sty
Package: a4wide 1994/08/30

(/usr/share/texmf-texlive/tex/latex/ntgclass/a4.sty
Package: a4 2004/04/15 v1.2g A4 based page layout
))
(/usr/share/texmf-texlive/tex/latex/amsmath/amsmath.sty
Package: amsmath 2000/07/18 v2.13 AMS math features
\@mathmargin=\skip43

For additional information on amsmath, use the `?' option.
(/usr/share/texmf-texlive/tex/latex/amsmath/amstext.sty
Package: amstext 2000/06/29 v2.01

(/usr/share/texmf-texlive/tex/latex/amsmath/amsgen.sty
File: amsgen.sty 1999/11/30 v2.0
\@emptytoks=\toks15
\ex@=\dimen112
))
(/usr/share/texmf-texlive/tex/latex/amsmath/amsbsy.sty
Package: amsbsy 1999/11/29 v1.2d
\pmbraise@=\dimen113
)
(/usr/share/texmf-texlive/tex/latex/amsmath/amsopn.sty
Package: amsopn 1999/12/14 v2.01 operator names
)
\inf@bad=\count91
LaTeX Info: Redefining \frac on input line 211.
\uproot@=\count92
\leftroot@=\count93
LaTeX Info: Redefining \overline on input line 307.
\classnum@=\count94
\DOTSCASE@=\count95
LaTeX Info: Redefining \ldots on input line 379.
LaTeX Info: Redefining \dots on input line 382.
LaTeX Info: Redefining \cdots on input line 467.
\Mathstrutbox@=\box26
\strutbox@=\box27
\big@size=\dimen114
LaTeX Font Info:    Redeclaring font encoding OML on input line 567.
LaTeX Font Info:    Redeclaring font encoding OMS on input line 568.
\macc@depth=\count96
\c@MaxMatrixCols=\count97
\dotsspace@=\muskip10
\c@parentequation=\count98
\dspbrk@lvl=\count99
\tag@help=\toks16
\row@=\count100
\column@=\count101
\maxfields@=\count102
\andhelp@=\toks17
\eqnshift@=\dimen115
\alignsep@=\dimen116
\tagshift@=\dimen117
\tagwidth@=\dimen118
\totwidth@=\dimen119
\lineht@=\dimen120
\@envbody=\toks18
\multlinegap=\skip44
\multlinetaggap=\skip45
\mathdisplay@stack=\toks19
LaTeX Info: Redefining \[ on input line 2666.
LaTeX Info: Redefining \] on input line 2667.
)
(/usr/share/texmf-texlive/tex/latex/tools/verbatim.sty
Package: verbatim 2003/08/22 v1.5q LaTeX2e package for verbatim enhancements
\every@verbatim=\toks20
\verbatim@line=\toks21
\verbatim@in@stream=\read1
)
(/usr/share/texmf-texlive/tex/latex/upquote/upquote.sty
Package: upquote 2003/08/11 v1.1 Covington's upright-quote modification to verb
atim and verb

(/usr/share/texmf-texlive/tex/latex/base/textcomp.sty
Package: textcomp 2005/09/27 v1.99g Standard LaTeX package
Package textcomp Info: Sub-encoding information:
(textcomp)               5 = only ISO-Adobe without \textcurrency
(textcomp)               4 = 5 + \texteuro
(textcomp)               3 = 4 + \textohm
(textcomp)               2 = 3 + \textestimated + \textcurrency
(textcomp)               1 = TS1 - \textcircled - \t
(textcomp)               0 = TS1 (full)
(textcomp)             Font families with sub-encoding setting implement
(textcomp)             only a restricted character set as indicated.
(textcomp)             Family '?' is the default used for unknown fonts.
(textcomp)             See the documentation for details.
Package textcomp Info: Setting ? sub-encoding to TS1/1 on input line 71.

(/usr/share/texmf-texlive/tex/latex/base/ts1enc.def
File: ts1enc.def 2001/06/05 v3.0e (jk/car/fm) Standard LaTeX file
)
LaTeX Info: Redefining \oldstylenums on input line 266.
Package textcomp Info: Setting cmr sub-encoding to TS1/0 on input line 281.
Package textcomp Info: Setting cmss sub-encoding to TS1/0 on input line 282.
Package textcomp Info: Setting cmtt sub-encoding to TS1/0 on input line 283.
Package textcomp Info: Setting cmvtt sub-encoding to TS1/0 on input line 284.
Package textcomp Info: Setting cmbr sub-encoding to TS1/0 on input line 285.
Package textcomp Info: Setting cmtl sub-encoding to TS1/0 on input line 286.
Package textcomp Info: Setting ccr sub-encoding to TS1/0 on input line 287.
Package textcomp Info: Setting ptm sub-encoding to TS1/4 on input line 288.
Package textcomp Info: Setting pcr sub-encoding to TS1/4 on input line 289.
Package textcomp Info: Setting phv sub-encoding to TS1/4 on input line 290.
Package textcomp Info: Setting ppl sub-encoding to TS1/3 on input line 291.
Package textcomp Info: Setting pag sub-encoding to TS1/4 on input line 292.
Package textcomp Info: Setting pbk sub-encoding to TS1/4 on input line 293.
Package textcomp Info: Setting pnc sub-encoding to TS1/4 on input line 294.
Package textcomp Info: Setting pzc sub-encoding to TS1/4 on input line 295.
Package textcomp Info: Setting bch sub-encoding to TS1/4 on input line 296.
Package textcomp Info: Setting put sub-encoding to TS1/5 on input line 297.
Package textcomp Info: Setting uag sub-encoding to TS1/5 on input line 298.
Package textcomp Info: Setting ugq sub-encoding to TS1/5 on input line 299.
Package textcomp Info: Setting ul8 sub-encoding to TS1/4 on input line 300.
Package textcomp Info: Setting ul9 sub-encoding to TS1/4 on input line 301.
Package textcomp Info: Setting augie sub-encoding to TS1/5 on input line 302.
Package textcomp Info: Setting dayrom sub-encoding to TS1/3 on input line 303.
Package textcomp Info: Setting dayroms sub-encoding to TS1/3 on input line 304.

Package textcomp Info: Setting pxr sub-encoding to TS1/0 on input line 305.
Package textcomp Info: Setting pxss sub-encoding to TS1/0 on input line 306.
Package textcomp Info: Setting pxtt sub-encoding to TS1/0 on input line 307.
Package textcomp Info: Setting txr sub-encoding to TS1/0 on input line 308.
Package textcomp Info: Setting txss sub-encoding to TS1/0 on input line 309.
Package textcomp Info: Setting txtt sub-encoding to TS1/0 on input line 310.
Package textcomp Info: Setting futs sub-encoding to TS1/4 on input line 311.
Package textcomp Info: Setting futx sub-encoding to TS1/4 on input line 312.
Package textcomp Info: Setting futj sub-encoding to TS1/4 on input line 313.
Package textcomp Info: Setting hlh sub-encoding to TS1/3 on input line 314.
Package textcomp Info: Setting hls sub-encoding to TS1/3 on input line 315.
Package textcomp Info: Setting hlst sub-encoding to TS1/3 on input line 316.
Package textcomp Info: Setting hlct sub-encoding to TS1/5 on input line 317.
Package textcomp Info: Setting hlx sub-encoding to TS1/5 on input line 318.
Package textcomp Info: Setting hlce sub-encoding to TS1/5 on input line 319.
Package textcomp Info: Setting hlcn sub-encoding to TS1/5 on input line 320.
Package textcomp Info: Setting hlcw sub-encoding to TS1/5 on input line 321.
Package textcomp Info: Setting hlcf sub-encoding to TS1/5 on input line 322.
Package textcomp Info: Setting pplx sub-encoding to TS1/3 on input line 323.
Package textcomp Info: Setting pplj sub-encoding to TS1/3 on input line 324.
Package textcomp Info: Setting ptmx sub-encoding to TS1/4 on input line 325.
Package textcomp Info: Setting ptmj sub-encoding to TS1/4 on input line 326.
)) (./LoadAnalyze.aux)
\openout1 = `LoadAnalyze.aux'.

LaTeX Font Info:    Checking defaults for OML/cmm/m/it on input line 63.
LaTeX Font Info:    ... okay on input line 63.
LaTeX Font Info:    Checking defaults for T1/cmr/m/n on input line 63.
LaTeX Font Info:    ... okay on input line 63.
LaTeX Font Info:    Checking defaults for OT1/cmr/m/n on input line 63.
LaTeX Font Info:    ... okay on input line 63.
LaTeX Font Info:    Checking defaults for OMS/cmsy/m/n on input line 63.
LaTeX Font Info:    ... okay on input line 63.
LaTeX Font Info:    Checking defaults for OMX/cmex/m/n on input line 63.
LaTeX Font Info:    ... okay on input line 63.
LaTeX Font Info:    Checking defaults for U/cmr/m/n on input line 63.
LaTeX Font Info:    ... okay on input line 63.
LaTeX Font Info:    Checking defaults for TS1/cmr/m/n on input line 63.
LaTeX Font Info:    Try loading font information for TS1+cmr on input line 63.

(/usr/share/texmf-texlive/tex/latex/base/ts1cmr.fd
File: ts1cmr.fd 1999/05/25 v2.5h Standard LaTeX font definitions
)
LaTeX Font Info:    ... okay on input line 63.

(/usr/share/texmf-texlive/tex/context/base/supp-pdf.mkii
[Loading MPS to PDF converter (version 2006.09.02).]
\scratchcounter=\count103
\scratchdimen=\dimen121
\scratchbox=\box28
\nofMPsegments=\count104
\nofMParguments=\count105
\everyMPshowfont=\toks22
\MPscratchCnt=\count106
\MPscratchDim=\dimen122
\MPnumerator=\count107
\everyMPtoPDFconversion=\toks23
)
LaTeX Info: Redefining \degres on input line 63.
LaTeX Info: Redefining \dots on input line 63.
LaTeX Info: Redefining \up on input line 63.


Package frenchb.ldf Warning: OT1 encoding should not be used for French. 
(frenchb.ldf)                Add \usepackage[T1]{fontenc} to the preamble
(frenchb.ldf)                of your document, on input line 63.

Package color Info: Redefining color shadecolor on input line 73.
Package color Info: Redefining color shadecolor on input line 81.
LaTeX Font Info:    Font shape `OT1/cmtt/bx/n' in size <10> not available
(Font)              Font shape `OT1/cmtt/m/n' tried instead on input line 83.
LaTeX Font Info:    Try loading font information for OMS+cmtt on input line 83.

(/usr/share/texmf/tex/latex/R/tex/latex/omscmtt.fd
File: omscmtt.fd 
)
LaTeX Font Info:    Font shape `OMS/cmtt/m/n' in size <10> not available
(Font)              Font shape `OMS/cmsy/m/n' tried instead on input line 83.
LaTeX Font Info:    Try loading font information for TS1+cmtt on input line 89.


(/usr/share/texmf-texlive/tex/latex/base/ts1cmtt.fd
File: ts1cmtt.fd 1999/05/25 v2.5h Standard LaTeX font definitions
)
Package color Info: Redefining color shadecolor on input line 102.

Overfull \hbox (23.39598pt too wide) in paragraph at lines 114--114
[][]\OT1/cmtt/m/it/10 #threshold of the number of concurrent comms after which 
we get a "stable" bandwidth.[][] 
 []


Overfull \hbox (70.64557pt too wide) in paragraph at lines 115--115
[][]\OT1/cmtt/m/it/10 # This is for instance 10 if we have 10 senders with 1Gb 
links saturating a 10Gb backbone link[][] 
 []

Package color Info: Redefining color shadecolor on input line 125.

Overfull \hbox (63.6595pt too wide) in paragraph at lines 142--142
[][]\OT1/cmtt/m/n/10 lm_large[] []<-[][]lm[][](Time[] []~[] []Rank,[] []data[][
]=timing[timing[][]$[][]Rank[][]>[][]thresh[] []&[][]timing[][]$[][]Rank[][]!=[
][]34[][]&[][]timing[][]$[][]Rank[][]!=[][]35[][],])[][] 
 []

[1

{/var/lib/texmf/fonts/map/pdftex/updmap/pdftex.map}]
Package color Info: Redefining color shadecolor on input line 150.

Overfull \hbox (452.15611pt too wide) in paragraph at lines 152--152
[][]\OT1/cmtt/m/n/10 send_function[] []<-[] []function[][]([][]x[][])[] []ifels
e[][](x[][]<=[][]thresh, x[] []*[][]([] []coefficients[][](lm_small)[[][]2[][]]
 )[][]+[] []coefficients[][](lm_small)[[][]1[][]],x[] []*[][]([] []coefficients
[][](lm_large)[[][]2[][]] )[][]+[] []coefficients[][](lm_large)[[][]1[][]])[][]
 
 []

Package color Info: Redefining color shadecolor on input line 162.
<figure/unnamed-chunk-7-1.pdf, id=12, 505.89pt x 505.89pt>
File: figure/unnamed-chunk-7-1.pdf Graphic file (type pdf)

<use figure/unnamed-chunk-7-1.pdf> [2]
Package color Info: Redefining color shadecolor on input line 175.

<figure/unnamed-chunk-8-1.pdf, id=16, 505.89pt x 505.89pt>
File: figure/unnamed-chunk-8-1.pdf Graphic file (type pdf)

<use figure/unnamed-chunk-8-1.pdf> [3 <./figure/unnamed-chunk-7-1.pdf>]
Package color Info: Redefining color shadecolor on input line 189.

Overfull \hbox (478.40588pt too wide) in paragraph at lines 203--203
[][]\OT1/cmtt/m/n/10 sendrecv1_function[] []<-[] []function[][]([][]x[][])[] []
ifelse[][](x[][]<=[][]thresh, x[] []*[][]([] []coefficients[][](lm_small)[[][]2
[][]] )[][]+[] []coefficients[][](lm_small)[[][]1[][]],x[] []*[][]([] []coeffic
ients[][](lm_large)[[][]2[][]] )[][]+[] []coefficients[][](lm_large)[[][]1[][]]
)[][] 
 []

[4 <./figure/unnamed-chunk-8-1.pdf>]
<figure/unnamed-chunk-9-1.pdf, id=35, 505.89pt x 505.89pt>
File: figure/unnamed-chunk-9-1.pdf Graphic file (type pdf)

<use figure/unnamed-chunk-9-1.pdf>
<figure/unnamed-chunk-9-2.pdf, id=36, 505.89pt x 505.89pt>
File: figure/unnamed-chunk-9-2.pdf Graphic file (type pdf)

<use figure/unnamed-chunk-9-2.pdf> [5 <./figure/unnamed-chunk-9-1.pdf>]
Package color Info: Redefining color shadecolor on input line 226.

Overfull \hbox (478.40588pt too wide) in paragraph at lines 246--246
[][]\OT1/cmtt/m/n/10 sendrecv2_function[] []<-[] []function[][]([][]x[][])[] []
ifelse[][](x[][]<=[][]thresh, x[] []*[][]([] []coefficients[][](lm_small)[[][]2
[][]] )[][]+[] []coefficients[][](lm_small)[[][]1[][]],x[] []*[][]([] []coeffic
ients[][](lm_large)[[][]2[][]] )[][]+[] []coefficients[][](lm_large)[[][]1[][]]
)[][] 
 []


Overfull \hbox (137.15886pt too wide) in paragraph at lines 250--250
[][]\OT1/cmtt/m/n/10 ggplot[][]([][]data[][]=timing,[] []aes[][]([][]x[][]=Rank
,[][]y[][]=Time))[][]+[][]geom_point[][]()[] []+[] []geom_line[][]([][]aes[][](
[][]x[][]=Rank,[][]y[][]=values_test),[] []colour[][]=[][]"black"[][])[][] 
 []

[6 <./figure/unnamed-chunk-9-2.pdf>]
<figure/unnamed-chunk-10-1.pdf, id=55, 505.89pt x 505.89pt>
File: figure/unnamed-chunk-10-1.pdf Graphic file (type pdf)

<use figure/unnamed-chunk-10-1.pdf>
<figure/unnamed-chunk-10-2.pdf, id=56, 505.89pt x 505.89pt>
File: figure/unnamed-chunk-10-2.pdf Graphic file (type pdf)

<use figure/unnamed-chunk-10-2.pdf> [7 <./figure/unnamed-chunk-10-1.pdf>]
[8 <./figure/unnamed-chunk-10-2.pdf>] (./LoadAnalyze.aux) ) 
Here is how much of TeX's memory you used:
 2863 strings out of 493848
 38619 string characters out of 1152823
 97578 words of memory out of 3000000
 6099 multiletter control sequences out of 15000+50000
 7982 words of font info for 30 fonts, out of 3000000 for 9000
 714 hyphenation exceptions out of 8191
 27i,6n,24p,463b,284s stack positions out of 5000i,500n,10000p,200000b,50000s
{/usr/share/texmf/fo
nts/enc/dvips/cm-super/cm-super-ts1.enc}</usr/share/texmf-texlive/fonts/type1/p
ublic/amsfonts/cm/cmitt10.pfb></usr/share/texmf-texlive/fonts/type1/public/amsf
onts/cm/cmr10.pfb></usr/share/texmf-texlive/fonts/type1/public/amsfonts/cm/cmr1
2.pfb></usr/share/texmf-texlive/fonts/type1/public/amsfonts/cm/cmr17.pfb></usr/
share/texmf-texlive/fonts/type1/public/amsfonts/cm/cmsy10.pfb></usr/share/texmf
-texlive/fonts/type1/public/amsfonts/cm/cmtt10.pfb></usr/share/texmf/fonts/type
1/public/cm-super/sftt1000.pfb>
Output written on LoadAnalyze.pdf (8 pages, 133975 bytes).
PDF statistics:
 100 PDF objects out of 1000 (max. 8388607)
 0 named destinations out of 1000 (max. 500000)
 31 words of extra memory for PDF output out of 10000 (max. 10000000)

